<?xml version="1.0" encoding="UTF-8"?><testsuite errors="1" failures="0" name="registrar una solicutud medica a través del sistema de admin hospitales, se debe validar que haya doctor" skipped="0" tests="1" time="14.4" timestamp="2019-09-02T16:54:10.039-05:00[America/Bogota]"><testcase name="Realizar el Registro de un Doctor"><error message="The following error occurred: no such window: target window already closed&#10;from unknown error: web view not found&#10;  (Session info: chrome=76.0.3809.132)&#10;  (Driver info: chromedriver=2.37.544315 (730aa6a5fdba159ac9f4c1e8cbc59bf1b5ce12b7),platform=Windows NT 10.0.18362 x86_64) (WARNING: The server did not provide any stacktrace information)&#10;Command duration or timeout: 0 milliseconds&#10;Build info: version: '3.5.2', revision: '10229a9', time: '2017-08-21T17:29:55.15Z'&#10;System info: host: 'CHMEPPF0HE3RF', ip: '172.17.27.75', os.name: 'Windows 10', os.arch: 'amd64', os.version: '10.0', java.version: '1.8.0_211'&#10;Driver info: org.openqa.selenium.remote.RemoteWebDriver&#10;Capabilities [{mobileEmulationEnabled=false, hasTouchScreen=false, platform=XP, acceptSslCerts=false, acceptInsecureCerts=false, webStorageEnabled=true, browserName=chrome, takesScreenshot=true, javascriptEnabled=true, setWindowRect=true, unexpectedAlertBehaviour=, applicationCacheEnabled=false, rotatable=false, networkConnectionEnabled=false, chrome={chromedriverVersion=2.37.544315 (730aa6a5fdba159ac9f4c1e8cbc59bf1b5ce12b7), userDataDir=C:\Users\SLONDO~1\AppData\Local\Temp\scoped_dir26452_4523}, takesHeapSnapshot=true, pageLoadStrategy=normal, unhandledPromptBehavior=, databaseEnabled=false, handlesAlerts=true, version=76.0.3809.132, browserConnectionEnabled=false, nativeEvents=true, locationContextEnabled=true, cssSelectorsEnabled=true}]&#10;Session ID: d1449f97e43c954f9ec57273842c2985&#10;*** Element info: {Using=xpath, value=//*[@id=&quot;page-wrapper&quot;]/div/div[2]/div[2]/p}&#10;For documentation on this error, please visit: http://seleniumhq.org/exceptions/no_such_element.html&#10;Build info: version: '3.5.2', revision: '10229a9', time: '2017-08-21T17:29:55.15Z'&#10;System info: host: 'CHMEPPF0HE3RF', ip: '172.17.27.75', os.name: 'Windows 10', os.arch: 'amd64', os.version: '10.0', java.version: '1.8.0_211'&#10;Driver info: driver.version: unknown" type="org.openqa.selenium.NoSuchElementException">The following error occurred: no such window: target window already closed
from unknown error: web view not found
  (Session info: chrome=76.0.3809.132)
  (Driver info: chromedriver=2.37.544315 (730aa6a5fdba159ac9f4c1e8cbc59bf1b5ce12b7),platform=Windows NT 10.0.18362 x86_64) (WARNING: The server did not provide any stacktrace information)
Command duration or timeout: 0 milliseconds
Build info: version: '3.5.2', revision: '10229a9', time: '2017-08-21T17:29:55.15Z'
System info: host: 'CHMEPPF0HE3RF', ip: '172.17.27.75', os.name: 'Windows 10', os.arch: 'amd64', os.version: '10.0', java.version: '1.8.0_211'
Driver info: org.openqa.selenium.remote.RemoteWebDriver
Capabilities [{mobileEmulationEnabled=false, hasTouchScreen=false, platform=XP, acceptSslCerts=false, acceptInsecureCerts=false, webStorageEnabled=true, browserName=chrome, takesScreenshot=true, javascriptEnabled=true, setWindowRect=true, unexpectedAlertBehaviour=, applicationCacheEnabled=false, rotatable=false, networkConnectionEnabled=false, chrome={chromedriverVersion=2.37.544315 (730aa6a5fdba159ac9f4c1e8cbc59bf1b5ce12b7), userDataDir=C:\Users\SLONDO~1\AppData\Local\Temp\scoped_dir26452_4523}, takesHeapSnapshot=true, pageLoadStrategy=normal, unhandledPromptBehavior=, databaseEnabled=false, handlesAlerts=true, version=76.0.3809.132, browserConnectionEnabled=false, nativeEvents=true, locationContextEnabled=true, cssSelectorsEnabled=true}]
Session ID: d1449f97e43c954f9ec57273842c2985
*** Element info: {Using=xpath, value=//*[@id="page-wrapper"]/div/div[2]/div[2]/p}
For documentation on this error, please visit: http://seleniumhq.org/exceptions/no_such_element.html
Build info: version: '3.5.2', revision: '10229a9', time: '2017-08-21T17:29:55.15Z'
System info: host: 'CHMEPPF0HE3RF', ip: '172.17.27.75', os.name: 'Windows 10', os.arch: 'amd64', os.version: '10.0', java.version: '1.8.0_211'
Driver info: driver.version: unknown</error><system-err>The following error occurred: no such window: target window already closed
from unknown error: web view not found
  (Session info: chrome=76.0.3809.132)
  (Driver info: chromedriver=2.37.544315 (730aa6a5fdba159ac9f4c1e8cbc59bf1b5ce12b7),platform=Windows NT 10.0.18362 x86_64) (WARNING: The server did not provide any stacktrace information)
Command duration or timeout: 0 milliseconds
Build info: version: '3.5.2', revision: '10229a9', time: '2017-08-21T17:29:55.15Z'
System info: host: 'CHMEPPF0HE3RF', ip: '172.17.27.75', os.name: 'Windows 10', os.arch: 'amd64', os.version: '10.0', java.version: '1.8.0_211'
Driver info: org.openqa.selenium.remote.RemoteWebDriver
Capabilities [{mobileEmulationEnabled=false, hasTouchScreen=false, platform=XP, acceptSslCerts=false, acceptInsecureCerts=false, webStorageEnabled=true, browserName=chrome, takesScreenshot=true, javascriptEnabled=true, setWindowRect=true, unexpectedAlertBehaviour=, applicationCacheEnabled=false, rotatable=false, networkConnectionEnabled=false, chrome={chromedriverVersion=2.37.544315 (730aa6a5fdba159ac9f4c1e8cbc59bf1b5ce12b7), userDataDir=C:\Users\SLONDO~1\AppData\Local\Temp\scoped_dir26452_4523}, takesHeapSnapshot=true, pageLoadStrategy=normal, unhandledPromptBehavior=, databaseEnabled=false, handlesAlerts=true, version=76.0.3809.132, browserConnectionEnabled=false, nativeEvents=true, locationContextEnabled=true, cssSelectorsEnabled=true}]
Session ID: d1449f97e43c954f9ec57273842c2985
*** Element info: {Using=xpath, value=//*[@id="page-wrapper"]/div/div[2]/div[2]/p}
For documentation on this error, please visit: http://seleniumhq.org/exceptions/no_such_element.html
Build info: version: '3.5.2', revision: '10229a9', time: '2017-08-21T17:29:55.15Z'
System info: host: 'CHMEPPF0HE3RF', ip: '172.17.27.75', os.name: 'Windows 10', os.arch: 'amd64', os.version: '10.0', java.version: '1.8.0_211'
Driver info: driver.version: unknown&#13;
com.choucair.formacion.pageobjects.regdoctorPageObject.VerificaDoc(regdoctorPageObject.java:104)&#13;
com.choucair.formacion.steps.regdoctorSteps.VerificaDoc(regdoctorSteps.java:19)&#13;
com.choucair.formacion.definition.regdoctorDefinitions.el_verifica_que_se_presente_en_pantalla_el_mensaje_Datos_guardados_correctamente(regdoctorDefinitions.java:33)&#13;
</system-err></testcase></testsuite>